2025-03-18 15:00:41,404 - >>>> image size=(512,768) , learning rate=0.000100 , batch size=2
2025-03-18 15:00:43,888 - >>>> Starting Segmentation Pre-Training-' lr=5e-05
2025-03-18 15:01:53,497 - >>>> Epoch:0  , Dice score=0.009666 , avg fscore=0.000000
2025-03-18 15:02:49,123 - >>>> Epoch:1  , Dice score=0.017290 , avg fscore=0.000000
2025-03-18 15:03:49,836 - >>>> Epoch:2  , Dice score=0.025832 , avg fscore=0.000000
2025-03-18 15:04:56,519 - >>>> Epoch:3  , Dice score=0.056902 , avg fscore=0.000000
2025-03-18 15:06:01,642 - >>>> Epoch:4  , Dice score=0.063505 , avg fscore=0.000000
2025-03-18 15:07:08,650 - >>>> Epoch:5  , Dice score=0.134502 , avg fscore=0.000000
2025-03-18 15:08:12,978 - >>>> Epoch:6  , Dice score=0.191001 , avg fscore=0.014286
2025-03-18 15:08:12,978 - >>>> Save the petrained model checkpoints to Pretrain+FinetuneS1Real140_ce1_focaltv_(0.4,0.6,delta2/3)_stylechange_lr0.0001
2025-03-18 15:09:14,477 - >>>> Epoch:7  , Dice score=0.186502 , avg fscore=0.028571
2025-03-18 15:09:14,477 - >>>> Save the petrained model checkpoints to Pretrain+FinetuneS1Real140_ce1_focaltv_(0.4,0.6,delta2/3)_stylechange_lr0.0001
2025-03-18 15:10:21,348 - >>>> Epoch:8  , Dice score=0.333378 , avg fscore=0.036281
2025-03-18 15:10:21,348 - >>>> Save the petrained model checkpoints to Pretrain+FinetuneS1Real140_ce1_focaltv_(0.4,0.6,delta2/3)_stylechange_lr0.0001
2025-03-18 15:11:23,272 - >>>> Epoch:9  , Dice score=0.320024 , avg fscore=0.105159
2025-03-18 15:11:23,272 - >>>> Save the petrained model checkpoints to Pretrain+FinetuneS1Real140_ce1_focaltv_(0.4,0.6,delta2/3)_stylechange_lr0.0001
2025-03-18 15:12:30,625 - >>>> Epoch:10  , Dice score=0.459405 , avg fscore=0.260357
2025-03-18 15:12:30,625 - >>>> Save the petrained model checkpoints to Pretrain+FinetuneS1Real140_ce1_focaltv_(0.4,0.6,delta2/3)_stylechange_lr0.0001
2025-03-18 15:13:31,103 - >>>> Epoch:11  , Dice score=0.407145 , avg fscore=0.214285
2025-03-18 15:14:32,999 - >>>> Epoch:12  , Dice score=0.409624 , avg fscore=0.214285
2025-03-18 15:15:36,199 - >>>> Epoch:13  , Dice score=0.446907 , avg fscore=0.238095
2025-03-18 15:16:41,734 - >>>> Epoch:14  , Dice score=0.583056 , avg fscore=0.421717
2025-03-18 15:16:41,734 - >>>> Save the petrained model checkpoints to Pretrain+FinetuneS1Real140_ce1_focaltv_(0.4,0.6,delta2/3)_stylechange_lr0.0001
2025-03-18 15:17:46,484 - >>>> Epoch:15  , Dice score=0.586708 , avg fscore=0.277056
2025-03-18 15:18:52,174 - >>>> Epoch:16  , Dice score=0.645370 , avg fscore=0.445804
2025-03-18 15:18:52,174 - >>>> Save the petrained model checkpoints to Pretrain+FinetuneS1Real140_ce1_focaltv_(0.4,0.6,delta2/3)_stylechange_lr0.0001
2025-03-18 15:19:57,684 - >>>> Epoch:17  , Dice score=0.624594 , avg fscore=0.379699
2025-03-18 15:20:59,979 - >>>> Epoch:18  , Dice score=0.527704 , avg fscore=0.217687
2025-03-18 15:22:05,843 - >>>> Epoch:19  , Dice score=0.624423 , avg fscore=0.270233
2025-03-18 15:23:12,241 - >>>> Epoch:20  , Dice score=0.566287 , avg fscore=0.357142
2025-03-18 15:24:16,457 - >>>> Epoch:21  , Dice score=0.665267 , avg fscore=0.421428
2025-03-18 15:25:23,814 - >>>> Epoch:22  , Dice score=0.725408 , avg fscore=0.492856
2025-03-18 15:25:23,814 - >>>> Save the petrained model checkpoints to Pretrain+FinetuneS1Real140_ce1_focaltv_(0.4,0.6,delta2/3)_stylechange_lr0.0001
2025-03-18 15:26:30,221 - >>>> Epoch:23  , Dice score=0.676030 , avg fscore=0.474937
2025-03-18 15:27:35,591 - >>>> Epoch:24  , Dice score=0.480141 , avg fscore=0.297271
2025-03-18 15:28:45,182 - >>>> Epoch:25  , Dice score=0.604478 , avg fscore=0.370634
2025-03-18 15:29:49,579 - >>>> Epoch:26  , Dice score=0.591410 , avg fscore=0.433333
2025-03-18 15:31:00,156 - >>>> Epoch:27  , Dice score=0.735141 , avg fscore=0.469047
2025-03-18 15:32:07,258 - >>>> Epoch:28  , Dice score=0.664860 , avg fscore=0.416666
2025-03-18 15:33:13,968 - >>>> Epoch:29  , Dice score=0.764212 , avg fscore=0.606642
2025-03-18 15:33:13,968 - >>>> Save the petrained model checkpoints to Pretrain+FinetuneS1Real140_ce1_focaltv_(0.4,0.6,delta2/3)_stylechange_lr0.0001
2025-03-18 15:34:24,463 - >>>> Epoch:30  , Dice score=0.631645 , avg fscore=0.456776
2025-03-18 15:35:31,633 - >>>> Epoch:31  , Dice score=0.581697 , avg fscore=0.428571
2025-03-18 15:36:38,380 - >>>> Epoch:32  , Dice score=0.780735 , avg fscore=0.589495
2025-03-18 15:37:48,052 - >>>> Epoch:33  , Dice score=0.775600 , avg fscore=0.541876
2025-03-18 15:38:54,572 - >>>> Epoch:34  , Dice score=0.832264 , avg fscore=0.717186
2025-03-18 15:38:54,572 - >>>> Save the petrained model checkpoints to Pretrain+FinetuneS1Real140_ce1_focaltv_(0.4,0.6,delta2/3)_stylechange_lr0.0001
2025-03-18 15:40:00,370 - >>>> Epoch:35  , Dice score=0.772061 , avg fscore=0.633729
2025-03-18 15:41:05,923 - >>>> Epoch:36  , Dice score=0.747263 , avg fscore=0.585118
2025-03-18 15:42:16,445 - >>>> Epoch:37  , Dice score=0.510038 , avg fscore=0.172825
2025-03-18 15:43:21,845 - >>>> Epoch:38  , Dice score=0.736416 , avg fscore=0.601503
2025-03-18 15:44:28,357 - >>>> Epoch:39  , Dice score=0.832468 , avg fscore=0.646825
2025-03-18 15:45:35,508 - >>>> Epoch:40  , Dice score=0.827850 , avg fscore=0.728921
2025-03-18 15:45:35,508 - >>>> Save the petrained model checkpoints to Pretrain+FinetuneS1Real140_ce1_focaltv_(0.4,0.6,delta2/3)_stylechange_lr0.0001
2025-03-18 15:46:42,721 - >>>> Epoch:41  , Dice score=0.790636 , avg fscore=0.583899
2025-03-18 15:47:49,669 - >>>> Epoch:42  , Dice score=0.832956 , avg fscore=0.636054
2025-03-18 15:48:56,175 - >>>> Epoch:43  , Dice score=0.831471 , avg fscore=0.718253
2025-03-18 15:50:01,844 - >>>> Epoch:44  , Dice score=0.750517 , avg fscore=0.613445
2025-03-18 15:51:08,122 - >>>> Epoch:45  , Dice score=0.803589 , avg fscore=0.620832
2025-03-18 15:52:17,595 - >>>> Epoch:46  , Dice score=0.737631 , avg fscore=0.557822
2025-03-18 15:53:25,735 - >>>> Epoch:47  , Dice score=0.801066 , avg fscore=0.547618
2025-03-18 15:54:32,298 - >>>> Epoch:48  , Dice score=0.762847 , avg fscore=0.673809
2025-03-18 15:55:36,657 - >>>> Epoch:49  , Dice score=0.705883 , avg fscore=0.471428
2025-03-18 15:56:40,706 - >>>> Epoch:50  , Dice score=0.749195 , avg fscore=0.678921
2025-03-18 15:57:49,806 - >>>> Epoch:51  , Dice score=0.815462 , avg fscore=0.685713
2025-03-18 15:58:55,144 - >>>> Epoch:52  , Dice score=0.724435 , avg fscore=0.447205
2025-03-18 16:00:04,844 - >>>> Epoch:53  , Dice score=0.759045 , avg fscore=0.725579
2025-03-18 16:01:09,396 - >>>> Epoch:54  , Dice score=0.690069 , avg fscore=0.686812
2025-03-18 16:02:16,222 - >>>> Epoch:55  , Dice score=0.811197 , avg fscore=0.707142
2025-03-18 16:03:23,274 - >>>> Epoch:56  , Dice score=0.838853 , avg fscore=0.668026
2025-03-18 16:04:29,976 - >>>> Epoch:57  , Dice score=0.812428 , avg fscore=0.682539
2025-03-18 16:05:35,364 - >>>> Epoch:58  , Dice score=0.703473 , avg fscore=0.658008
2025-03-18 16:06:41,566 - >>>> Epoch:59  , Dice score=0.840192 , avg fscore=0.764285
2025-03-18 16:06:41,566 - >>>> Save the petrained model checkpoints to Pretrain+FinetuneS1Real140_ce1_focaltv_(0.4,0.6,delta2/3)_stylechange_lr0.0001
2025-03-18 16:07:48,067 - >>>> Epoch:60  , Dice score=0.790716 , avg fscore=0.678570
2025-03-18 16:08:54,996 - >>>> Epoch:61  , Dice score=0.821716 , avg fscore=0.758332
2025-03-18 16:10:01,518 - >>>> Epoch:62  , Dice score=0.830034 , avg fscore=0.717261
2025-03-18 16:11:07,901 - >>>> Epoch:63  , Dice score=0.846503 , avg fscore=0.761063
2025-03-18 16:12:17,430 - >>>> Epoch:64  , Dice score=0.741787 , avg fscore=0.520634
2025-03-18 16:13:24,339 - >>>> Epoch:65  , Dice score=0.844403 , avg fscore=0.720587
2025-03-18 16:14:30,667 - >>>> Epoch:66  , Dice score=0.821793 , avg fscore=0.730158
2025-03-18 16:15:39,578 - >>>> Epoch:67  , Dice score=0.830330 , avg fscore=0.735118
2025-03-18 16:16:49,466 - >>>> Epoch:68  , Dice score=0.832213 , avg fscore=0.799999
2025-03-18 16:16:49,466 - >>>> Save the petrained model checkpoints to Pretrain+FinetuneS1Real140_ce1_focaltv_(0.4,0.6,delta2/3)_stylechange_lr0.0001
2025-03-18 16:17:56,294 - >>>> Epoch:69  , Dice score=0.787456 , avg fscore=0.693451
2025-03-18 16:19:05,478 - >>>> Epoch:70  , Dice score=0.691232 , avg fscore=0.420983
2025-03-18 16:20:11,858 - >>>> Epoch:71  , Dice score=0.841625 , avg fscore=0.714285
2025-03-18 16:21:18,471 - >>>> Epoch:72  , Dice score=0.818790 , avg fscore=0.723213
2025-03-18 16:22:30,063 - >>>> Epoch:73  , Dice score=0.851181 , avg fscore=0.715724
2025-03-18 16:23:36,741 - >>>> Epoch:74  , Dice score=0.790369 , avg fscore=0.554761
2025-03-18 16:24:47,986 - >>>> Epoch:75  , Dice score=0.859846 , avg fscore=0.749159
2025-03-18 16:25:54,565 - >>>> Epoch:76  , Dice score=0.846326 , avg fscore=0.782737
2025-03-18 16:27:00,743 - >>>> Epoch:77  , Dice score=0.800069 , avg fscore=0.758241
2025-03-18 16:28:06,891 - >>>> Epoch:78  , Dice score=0.857616 , avg fscore=0.785896
2025-03-18 16:29:15,869 - >>>> Epoch:79  , Dice score=0.869368 , avg fscore=0.866946
2025-03-18 16:29:15,869 - >>>> Save the petrained model checkpoints to Pretrain+FinetuneS1Real140_ce1_focaltv_(0.4,0.6,delta2/3)_stylechange_lr0.0001
2025-03-18 16:30:24,720 - >>>> Epoch:80  , Dice score=0.847418 , avg fscore=0.785713
2025-03-18 16:31:33,846 - >>>> Epoch:81  , Dice score=0.848806 , avg fscore=0.725849
2025-03-18 16:32:44,238 - >>>> Epoch:82  , Dice score=0.881204 , avg fscore=0.797801
2025-03-18 16:33:54,176 - >>>> Epoch:83  , Dice score=0.768630 , avg fscore=0.738094
2025-03-18 16:35:05,004 - >>>> Epoch:84  , Dice score=0.862344 , avg fscore=0.746598
2025-03-18 16:36:12,060 - >>>> Epoch:85  , Dice score=0.868971 , avg fscore=0.829436
2025-03-18 16:37:17,910 - >>>> Epoch:86  , Dice score=0.742258 , avg fscore=0.573979
2025-03-18 16:38:24,252 - >>>> Epoch:87  , Dice score=0.732302 , avg fscore=0.583333
2025-03-18 16:39:30,916 - >>>> Epoch:88  , Dice score=0.862152 , avg fscore=0.809523
2025-03-18 16:40:37,218 - >>>> Epoch:89  , Dice score=0.857149 , avg fscore=0.787414
2025-03-18 16:41:47,080 - >>>> Epoch:90  , Dice score=0.854783 , avg fscore=0.846938
2025-03-18 16:42:53,439 - >>>> Epoch:91  , Dice score=0.869139 , avg fscore=0.829669
2025-03-18 16:43:59,963 - >>>> Epoch:92  , Dice score=0.858940 , avg fscore=0.836053
2025-03-18 16:45:08,571 - >>>> Epoch:93  , Dice score=0.871545 , avg fscore=0.808790
2025-03-18 16:46:16,662 - >>>> Epoch:94  , Dice score=0.797661 , avg fscore=0.757142
2025-03-18 16:47:26,612 - >>>> Epoch:95  , Dice score=0.851220 , avg fscore=0.732492
2025-03-18 16:48:33,335 - >>>> Epoch:96  , Dice score=0.852348 , avg fscore=0.773808
2025-03-18 16:49:43,548 - >>>> Epoch:97  , Dice score=0.811116 , avg fscore=0.726189
2025-03-18 16:50:51,957 - >>>> Epoch:98  , Dice score=0.866883 , avg fscore=0.769230
2025-03-18 16:52:02,728 - >>>> Epoch:99  , Dice score=0.840003 , avg fscore=0.748484
2025-03-18 16:53:09,328 - >>>> Epoch:100  , Dice score=0.824695 , avg fscore=0.762986
2025-03-18 16:54:15,742 - >>>> Epoch:101  , Dice score=0.878824 , avg fscore=0.821427
2025-03-18 16:55:22,231 - >>>> Epoch:102  , Dice score=0.872027 , avg fscore=0.852563
2025-03-18 16:56:30,423 - >>>> Epoch:103  , Dice score=0.753054 , avg fscore=0.650509
2025-03-18 16:57:37,063 - >>>> Epoch:104  , Dice score=0.859406 , avg fscore=0.868892
2025-03-18 16:57:37,063 - >>>> Save the petrained model checkpoints to Pretrain+FinetuneS1Real140_ce1_focaltv_(0.4,0.6,delta2/3)_stylechange_lr0.0001
2025-03-18 16:58:47,233 - >>>> Epoch:105  , Dice score=0.862048 , avg fscore=0.805627
2025-03-18 16:59:53,671 - >>>> Epoch:106  , Dice score=0.823954 , avg fscore=0.738094
2025-03-18 17:01:04,071 - >>>> Epoch:107  , Dice score=0.780784 , avg fscore=0.699674
2025-03-18 17:02:47,830 - >>>> Epoch:108  , Dice score=0.848468 , avg fscore=0.833332
2025-03-18 17:03:58,832 - >>>> Epoch:109  , Dice score=0.834754 , avg fscore=0.739795
2025-03-18 17:05:04,378 - >>>> Epoch:110  , Dice score=0.768850 , avg fscore=0.729436
2025-03-18 17:06:11,889 - >>>> Epoch:111  , Dice score=0.805271 , avg fscore=0.713552
2025-03-18 17:07:18,287 - >>>> Epoch:112  , Dice score=0.853728 , avg fscore=0.854761
2025-03-18 17:08:25,098 - >>>> Epoch:113  , Dice score=0.813147 , avg fscore=0.761904
2025-03-18 17:09:31,878 - >>>> Epoch:114  , Dice score=0.854490 , avg fscore=0.785713
2025-03-18 17:10:39,567 - >>>> Epoch:115  , Dice score=0.877756 , avg fscore=0.854436
2025-03-18 17:11:50,785 - >>>> Epoch:116  , Dice score=0.790527 , avg fscore=0.539527
2025-03-18 17:12:57,181 - >>>> Epoch:117  , Dice score=0.797313 , avg fscore=0.790475
2025-03-18 17:14:03,314 - >>>> Epoch:118  , Dice score=0.825810 , avg fscore=0.739495
2025-03-18 17:15:09,463 - >>>> Epoch:119  , Dice score=0.880199 , avg fscore=0.845237
2025-03-18 17:16:15,546 - >>>> Epoch:120  , Dice score=0.801557 , avg fscore=0.547464
2025-03-18 17:17:22,118 - >>>> Epoch:121  , Dice score=0.892129 , avg fscore=0.839284
2025-03-18 17:18:28,839 - >>>> Epoch:122  , Dice score=0.882595 , avg fscore=0.775169
2025-03-18 17:19:35,434 - >>>> Epoch:123  , Dice score=0.866809 , avg fscore=0.892856
2025-03-18 17:19:35,434 - >>>> Save the petrained model checkpoints to Pretrain+FinetuneS1Real140_ce1_focaltv_(0.4,0.6,delta2/3)_stylechange_lr0.0001
2025-03-18 17:20:42,408 - >>>> Epoch:124  , Dice score=0.849214 , avg fscore=0.674674
2025-03-18 17:21:48,619 - >>>> Epoch:125  , Dice score=0.880183 , avg fscore=0.866665
2025-03-18 17:22:54,974 - >>>> Epoch:126  , Dice score=0.810424 , avg fscore=0.601360
2025-03-18 17:24:01,442 - >>>> Epoch:127  , Dice score=0.901357 , avg fscore=0.873808
2025-03-18 17:25:07,529 - >>>> Epoch:128  , Dice score=0.838931 , avg fscore=0.748809
2025-03-18 17:26:13,579 - >>>> Epoch:129  , Dice score=0.867206 , avg fscore=0.743196
2025-03-18 17:27:20,127 - >>>> Epoch:130  , Dice score=0.854781 , avg fscore=0.738888
2025-03-18 17:28:26,614 - >>>> Epoch:131  , Dice score=0.740559 , avg fscore=0.498308
2025-03-18 17:29:32,777 - >>>> Epoch:132  , Dice score=0.862661 , avg fscore=0.808332
2025-03-18 17:30:39,096 - >>>> Epoch:133  , Dice score=0.878444 , avg fscore=0.794674
2025-03-18 17:31:45,161 - >>>> Epoch:134  , Dice score=0.888896 , avg fscore=0.809706
2025-03-18 17:32:51,612 - >>>> Epoch:135  , Dice score=0.812170 , avg fscore=0.606854
2025-03-18 17:33:57,956 - >>>> Epoch:136  , Dice score=0.854873 , avg fscore=0.838094
2025-03-18 17:35:04,175 - >>>> Epoch:137  , Dice score=0.878862 , avg fscore=0.869047
2025-03-18 17:36:10,315 - >>>> Epoch:138  , Dice score=0.856496 , avg fscore=0.833332
2025-03-18 17:37:16,671 - >>>> Epoch:139  , Dice score=0.876943 , avg fscore=0.882652
2025-03-18 17:38:23,427 - >>>> Epoch:140  , Dice score=0.886788 , avg fscore=0.860150
2025-03-18 17:39:29,803 - >>>> Epoch:141  , Dice score=0.899875 , avg fscore=0.916665
2025-03-18 17:39:29,803 - >>>> Save the petrained model checkpoints to Pretrain+FinetuneS1Real140_ce1_focaltv_(0.4,0.6,delta2/3)_stylechange_lr0.0001
2025-03-18 17:40:36,586 - >>>> Epoch:142  , Dice score=0.815172 , avg fscore=0.751700
2025-03-18 17:41:44,525 - >>>> Epoch:143  , Dice score=0.871896 , avg fscore=0.804028
2025-03-18 17:42:51,195 - >>>> Epoch:144  , Dice score=0.884722 , avg fscore=0.923076
2025-03-18 17:42:51,195 - >>>> Save the petrained model checkpoints to Pretrain+FinetuneS1Real140_ce1_focaltv_(0.4,0.6,delta2/3)_stylechange_lr0.0001
2025-03-18 17:43:58,840 - >>>> Epoch:145  , Dice score=0.890888 , avg fscore=0.880951
2025-03-18 17:45:05,603 - >>>> Epoch:146  , Dice score=0.864462 , avg fscore=0.792016
2025-03-18 17:46:12,110 - >>>> Epoch:147  , Dice score=0.869655 , avg fscore=0.845237
2025-03-18 17:47:18,614 - >>>> Epoch:148  , Dice score=0.868458 , avg fscore=0.815933
2025-03-18 17:48:25,437 - >>>> Epoch:149  , Dice score=0.866941 , avg fscore=0.812924
2025-03-18 17:49:32,220 - >>>> Epoch:150  , Dice score=0.828828 , avg fscore=0.634136
2025-03-18 17:50:38,931 - >>>> Epoch:151  , Dice score=0.886415 , avg fscore=0.887361
2025-03-18 17:51:45,580 - >>>> Epoch:152  , Dice score=0.845884 , avg fscore=0.797463
2025-03-18 17:52:51,713 - >>>> Epoch:153  , Dice score=0.851521 , avg fscore=0.869047
2025-03-18 17:53:58,554 - >>>> Epoch:154  , Dice score=0.869248 , avg fscore=0.806776
2025-03-18 17:55:05,397 - >>>> Epoch:155  , Dice score=0.831199 , avg fscore=0.616666
2025-03-18 17:56:12,240 - >>>> Epoch:156  , Dice score=0.755567 , avg fscore=0.633613
2025-03-18 17:57:18,378 - >>>> Epoch:157  , Dice score=0.785021 , avg fscore=0.663003
2025-03-18 17:58:25,118 - >>>> Epoch:158  , Dice score=0.879416 , avg fscore=0.831291
2025-03-18 17:59:32,298 - >>>> Epoch:159  , Dice score=0.881833 , avg fscore=0.882652
2025-03-18 18:00:38,821 - >>>> Epoch:160  , Dice score=0.870066 , avg fscore=0.821427
2025-03-18 18:01:45,775 - >>>> Epoch:161  , Dice score=0.876797 , avg fscore=0.869046
2025-03-18 18:02:52,151 - >>>> Epoch:162  , Dice score=0.861533 , avg fscore=0.873808
2025-03-18 18:03:58,697 - >>>> Epoch:163  , Dice score=0.829067 , avg fscore=0.774891
2025-03-18 18:05:04,815 - >>>> Epoch:164  , Dice score=0.850430 , avg fscore=0.772108
2025-03-18 18:06:11,268 - >>>> Epoch:165  , Dice score=0.848248 , avg fscore=0.756409
2025-03-18 18:07:17,757 - >>>> Epoch:166  , Dice score=0.854204 , avg fscore=0.735993
2025-03-18 18:08:23,270 - >>>> Epoch:167  , Dice score=0.855939 , avg fscore=0.904760
2025-03-18 18:09:29,785 - >>>> Epoch:168  , Dice score=0.848120 , avg fscore=0.711904
2025-03-18 18:10:36,599 - >>>> Epoch:169  , Dice score=0.809205 , avg fscore=0.731291
2025-03-18 18:11:43,681 - >>>> Epoch:170  , Dice score=0.832049 , avg fscore=0.619047
2025-03-18 18:12:50,295 - >>>> Epoch:171  , Dice score=0.854611 , avg fscore=0.780219
2025-03-18 18:13:57,233 - >>>> Epoch:172  , Dice score=0.895289 , avg fscore=0.817293
2025-03-18 18:15:04,954 - >>>> Epoch:173  , Dice score=0.881059 , avg fscore=0.827838
2025-03-18 18:16:11,821 - >>>> Epoch:174  , Dice score=0.847957 , avg fscore=0.785713
2025-03-18 18:17:19,722 - >>>> Epoch:175  , Dice score=0.844852 , avg fscore=0.620447
2025-03-18 18:18:27,914 - >>>> Epoch:176  , Dice score=0.894125 , avg fscore=0.855041
2025-03-18 18:19:35,602 - >>>> Epoch:177  , Dice score=0.870755 , avg fscore=0.869229
2025-03-18 18:20:42,011 - >>>> Epoch:178  , Dice score=0.891298 , avg fscore=0.844504
2025-03-18 18:21:48,542 - >>>> Epoch:179  , Dice score=0.906084 , avg fscore=0.899266
2025-03-18 18:22:55,311 - >>>> Epoch:180  , Dice score=0.876793 , avg fscore=0.880951
2025-03-18 18:24:01,618 - >>>> Epoch:181  , Dice score=0.905315 , avg fscore=0.880219
2025-03-18 18:25:07,825 - >>>> Epoch:182  , Dice score=0.884332 , avg fscore=0.808790
2025-03-18 18:26:13,990 - >>>> Epoch:183  , Dice score=0.883669 , avg fscore=0.851647
2025-03-18 18:27:20,236 - >>>> Epoch:184  , Dice score=0.800555 , avg fscore=0.670634
2025-03-18 18:28:27,335 - >>>> Epoch:185  , Dice score=0.892873 , avg fscore=0.827838
2025-03-18 18:29:34,106 - >>>> Epoch:186  , Dice score=0.827879 , avg fscore=0.690475
2025-03-18 18:30:41,131 - >>>> Epoch:187  , Dice score=0.857995 , avg fscore=0.854761
2025-03-18 18:31:48,393 - >>>> Epoch:188  , Dice score=0.854679 , avg fscore=0.660713
2025-03-18 18:32:54,494 - >>>> Epoch:189  , Dice score=0.853681 , avg fscore=0.763689
2025-03-18 18:34:00,686 - >>>> Epoch:190  , Dice score=0.877504 , avg fscore=0.846257
2025-03-18 18:35:07,059 - >>>> Epoch:191  , Dice score=0.878254 , avg fscore=0.800279
2025-03-18 18:36:13,336 - >>>> Epoch:192  , Dice score=0.823787 , avg fscore=0.718026
2025-03-18 18:37:20,316 - >>>> Epoch:193  , Dice score=0.884665 , avg fscore=0.827838
2025-03-18 18:38:26,494 - >>>> Epoch:194  , Dice score=0.883926 , avg fscore=0.789285
2025-03-18 18:39:33,042 - >>>> Epoch:195  , Dice score=0.881507 , avg fscore=0.827838
2025-03-18 18:40:39,390 - >>>> Epoch:196  , Dice score=0.883157 , avg fscore=0.782212
2025-03-18 18:41:45,397 - >>>> Epoch:197  , Dice score=0.895351 , avg fscore=0.905284
2025-03-18 18:42:52,018 - >>>> Epoch:198  , Dice score=0.897252 , avg fscore=0.900627
2025-03-18 18:43:58,106 - >>>> Epoch:199  , Dice score=0.910221 , avg fscore=0.892123
2025-03-18 18:45:04,207 - >>>> Epoch:200  , Dice score=0.853848 , avg fscore=0.715985
2025-03-18 18:46:09,854 - >>>> Epoch:201  , Dice score=0.866228 , avg fscore=0.804028
2025-03-18 18:47:16,468 - >>>> Epoch:202  , Dice score=0.894756 , avg fscore=0.830951
2025-03-18 18:48:22,647 - >>>> Epoch:203  , Dice score=0.902093 , avg fscore=0.849266
2025-03-18 18:49:29,001 - >>>> Epoch:204  , Dice score=0.896656 , avg fscore=0.832600
2025-03-18 18:50:35,686 - >>>> Epoch:205  , Dice score=0.852012 , avg fscore=0.787499
2025-03-18 18:51:41,735 - >>>> Epoch:206  , Dice score=0.876619 , avg fscore=0.858842
2025-03-18 18:52:47,772 - >>>> Epoch:207  , Dice score=0.886548 , avg fscore=0.875457
2025-03-18 18:53:53,925 - >>>> Epoch:208  , Dice score=0.899546 , avg fscore=0.856409
2025-03-18 18:55:00,319 - >>>> Epoch:209  , Dice score=0.842424 , avg fscore=0.736904
2025-03-18 18:56:06,705 - >>>> Epoch:210  , Dice score=0.867496 , avg fscore=0.725457
2025-03-18 18:57:12,581 - >>>> Epoch:211  , Dice score=0.891248 , avg fscore=0.875509
2025-03-18 18:58:19,029 - >>>> Epoch:212  , Dice score=0.841320 , avg fscore=0.623128
2025-03-18 18:59:25,444 - >>>> Epoch:213  , Dice score=0.900369 , avg fscore=0.835033
2025-03-18 19:00:32,841 - >>>> Epoch:214  , Dice score=0.898438 , avg fscore=0.877550
2025-03-18 19:01:42,786 - >>>> Epoch:215  , Dice score=0.885719 , avg fscore=0.870747
2025-03-18 19:02:48,872 - >>>> Epoch:216  , Dice score=0.866869 , avg fscore=0.698412
2025-03-18 19:03:55,488 - >>>> Epoch:217  , Dice score=0.900939 , avg fscore=0.904028
2025-03-18 19:05:01,327 - >>>> Epoch:218  , Dice score=0.876907 , avg fscore=0.809523
2025-03-18 19:06:07,770 - >>>> Epoch:219  , Dice score=0.855659 , avg fscore=0.808790
2025-03-18 19:07:14,093 - >>>> Epoch:220  , Dice score=0.886883 , avg fscore=0.876817
2025-03-18 19:08:20,162 - >>>> Epoch:221  , Dice score=0.889094 , avg fscore=0.853008
2025-03-18 19:09:26,516 - >>>> Epoch:222  , Dice score=0.903964 , avg fscore=0.904760
2025-03-18 19:10:32,718 - >>>> Epoch:223  , Dice score=0.870470 , avg fscore=0.764285
2025-03-18 19:11:38,575 - >>>> Epoch:224  , Dice score=0.915273 , avg fscore=0.898808
2025-03-18 19:12:44,521 - >>>> Epoch:225  , Dice score=0.892178 , avg fscore=0.785713
2025-03-18 19:13:50,551 - >>>> Epoch:226  , Dice score=0.902332 , avg fscore=0.804028
2025-03-18 19:14:56,857 - >>>> Epoch:227  , Dice score=0.881536 , avg fscore=0.781579
2025-03-18 19:16:02,856 - >>>> Epoch:228  , Dice score=0.879586 , avg fscore=0.796427
2025-03-18 19:17:09,234 - >>>> Epoch:229  , Dice score=0.892837 , avg fscore=0.815475
2025-03-18 19:18:15,247 - >>>> Epoch:230  , Dice score=0.875295 , avg fscore=0.771708
2025-03-18 19:19:20,255 - >>>> Epoch:231  , Dice score=0.856075 , avg fscore=0.830951
2025-03-18 19:20:26,232 - >>>> Epoch:232  , Dice score=0.706539 , avg fscore=0.444217
2025-03-18 19:21:32,553 - >>>> Epoch:233  , Dice score=0.880428 , avg fscore=0.788722
2025-03-18 19:22:38,886 - >>>> Epoch:234  , Dice score=0.865264 , avg fscore=0.804028
2025-03-18 19:23:44,989 - >>>> Epoch:235  , Dice score=0.847656 , avg fscore=0.756409
2025-03-18 19:24:51,604 - >>>> Epoch:236  , Dice score=0.856067 , avg fscore=0.827838
2025-03-18 19:25:57,320 - >>>> Epoch:237  , Dice score=0.908337 , avg fscore=0.904028
2025-03-18 19:27:03,338 - >>>> Epoch:238  , Dice score=0.880729 , avg fscore=0.777380
2025-03-18 19:28:09,187 - >>>> Epoch:239  , Dice score=0.913448 , avg fscore=0.899266
2025-03-18 19:29:15,628 - >>>> Epoch:240  , Dice score=0.871727 , avg fscore=0.856409
2025-03-18 19:30:21,550 - >>>> Epoch:241  , Dice score=0.855593 , avg fscore=0.723076
2025-03-18 19:31:27,713 - >>>> Epoch:242  , Dice score=0.883241 , avg fscore=0.839743
2025-03-18 19:32:33,715 - >>>> Epoch:243  , Dice score=0.894213 , avg fscore=0.820695
2025-03-18 19:33:39,704 - >>>> Epoch:244  , Dice score=0.895374 , avg fscore=0.787414
2025-03-18 19:34:45,574 - >>>> Epoch:245  , Dice score=0.861805 , avg fscore=0.754028
2025-03-18 19:35:51,579 - >>>> Epoch:246  , Dice score=0.900006 , avg fscore=0.885713
2025-03-18 19:36:57,330 - >>>> Epoch:247  , Dice score=0.874111 , avg fscore=0.791666
2025-03-18 19:38:03,288 - >>>> Epoch:248  , Dice score=0.889728 , avg fscore=0.865305
2025-03-18 19:39:08,888 - >>>> Epoch:249  , Dice score=0.880515 , avg fscore=0.821427
2025-03-18 19:40:14,909 - >>>> Epoch:250  , Dice score=0.894965 , avg fscore=0.851647
2025-03-18 19:41:20,846 - >>>> Epoch:251  , Dice score=0.873863 , avg fscore=0.796885
2025-03-18 19:42:27,234 - >>>> Epoch:252  , Dice score=0.888565 , avg fscore=0.887361
2025-03-18 19:43:33,443 - >>>> Epoch:253  , Dice score=0.911375 , avg fscore=0.863552
2025-03-18 19:44:39,397 - >>>> Epoch:254  , Dice score=0.890595 , avg fscore=0.748473
2025-03-18 19:45:45,166 - >>>> Epoch:255  , Dice score=0.887313 , avg fscore=0.827838
2025-03-18 19:46:51,521 - >>>> Epoch:256  , Dice score=0.902451 , avg fscore=0.869504
2025-03-18 19:47:57,214 - >>>> Epoch:257  , Dice score=0.899860 , avg fscore=0.899266
2025-03-18 19:49:03,093 - >>>> Epoch:258  , Dice score=0.911247 , avg fscore=0.883960
2025-03-18 19:50:09,080 - >>>> Epoch:259  , Dice score=0.897807 , avg fscore=0.876699
2025-03-18 19:51:15,196 - >>>> Epoch:260  , Dice score=0.834076 , avg fscore=0.702838
2025-03-18 19:52:21,037 - >>>> Epoch:261  , Dice score=0.913571 , avg fscore=0.867346
2025-03-18 19:53:27,094 - >>>> Epoch:262  , Dice score=0.884469 , avg fscore=0.776817
2025-03-18 19:54:33,022 - >>>> Epoch:263  , Dice score=0.913207 , avg fscore=0.915933
2025-03-18 19:55:38,812 - >>>> Epoch:264  , Dice score=0.844475 , avg fscore=0.819046
2025-03-18 19:56:44,712 - >>>> Epoch:265  , Dice score=0.877157 , avg fscore=0.894557
2025-03-18 19:57:50,665 - >>>> Epoch:266  , Dice score=0.890316 , avg fscore=0.787414
2025-03-18 19:58:56,387 - >>>> Epoch:267  , Dice score=0.891657 , avg fscore=0.827838
2025-03-18 20:00:02,384 - >>>> Epoch:268  , Dice score=0.900226 , avg fscore=0.849999
2025-03-18 20:01:08,298 - >>>> Epoch:269  , Dice score=0.767221 , avg fscore=0.478877
2025-03-18 20:02:14,234 - >>>> Epoch:270  , Dice score=0.890188 , avg fscore=0.839743
2025-03-18 20:03:20,366 - >>>> Epoch:271  , Dice score=0.854176 , avg fscore=0.654028
2025-03-18 20:04:26,208 - >>>> Epoch:272  , Dice score=0.892122 , avg fscore=0.811223
2025-03-18 20:05:31,888 - >>>> Epoch:273  , Dice score=0.884912 , avg fscore=0.749266
2025-03-18 20:06:37,789 - >>>> Epoch:274  , Dice score=0.880321 , avg fscore=0.805389
2025-03-18 20:06:37,974 - >>>> Start Main Training
2025-03-18 20:09:38,353 - >>>> Epoch:0  , Dice score=0.730806 , avg fscore=0.490790
2025-03-18 20:11:35,938 - >>>> Epoch:1  , Dice score=0.507070 , avg fscore=0.427380
2025-03-18 20:13:33,224 - >>>> Epoch:2  , Dice score=0.806967 , avg fscore=0.872293
2025-03-18 20:15:34,741 - >>>> Epoch:3  , Dice score=0.831709 , avg fscore=0.574089
2025-03-18 20:17:33,120 - >>>> Epoch:4  , Dice score=0.842828 , avg fscore=0.775182
2025-03-18 20:19:31,815 - >>>> Epoch:5  , Dice score=0.836295 , avg fscore=0.751359
2025-03-18 20:21:29,821 - >>>> Epoch:6  , Dice score=0.837875 , avg fscore=0.706409
2025-03-18 20:23:28,063 - >>>> Epoch:7  , Dice score=0.730886 , avg fscore=0.495181
2025-03-18 20:25:23,173 - >>>> Epoch:8  , Dice score=0.605281 , avg fscore=0.517006
2025-03-18 20:27:21,997 - >>>> Epoch:9  , Dice score=0.690451 , avg fscore=0.392857
2025-03-18 20:30:21,317 - >>>> Epoch:10  , Dice score=0.570255 , avg fscore=0.478571
2025-03-18 20:32:15,737 - >>>> Epoch:11  , Dice score=0.610664 , avg fscore=0.571428
2025-03-18 20:34:09,460 - >>>> Epoch:12  , Dice score=0.506062 , avg fscore=0.412087
2025-03-18 20:36:08,009 - >>>> Epoch:13  , Dice score=0.821111 , avg fscore=0.688775
2025-03-18 20:38:06,497 - >>>> Epoch:14  , Dice score=0.840974 , avg fscore=0.857142
2025-03-18 20:40:03,648 - >>>> Epoch:15  , Dice score=0.671082 , avg fscore=0.531135
2025-03-18 20:42:02,549 - >>>> Epoch:16  , Dice score=0.851875 , avg fscore=0.739193
2025-03-18 20:43:56,425 - >>>> Epoch:17  , Dice score=0.473469 , avg fscore=0.376373
2025-03-18 20:45:55,119 - >>>> Epoch:18  , Dice score=0.828074 , avg fscore=0.749999
2025-03-18 20:47:50,051 - >>>> Epoch:19  , Dice score=0.563114 , avg fscore=0.442176
2025-03-18 20:50:48,357 - >>>> Epoch:20  , Dice score=0.610304 , avg fscore=0.513605
2025-03-18 20:52:46,216 - >>>> Epoch:21  , Dice score=0.715727 , avg fscore=0.554029
2025-03-18 20:54:44,323 - >>>> Epoch:22  , Dice score=0.694105 , avg fscore=0.637362
2025-03-18 20:56:35,542 - >>>> Epoch:23  , Dice score=0.389859 , avg fscore=0.350000
2025-03-18 20:58:34,961 - >>>> Epoch:24  , Dice score=0.855253 , avg fscore=0.723298
2025-03-18 21:00:32,714 - >>>> Epoch:25  , Dice score=0.638879 , avg fscore=0.630952
2025-03-18 21:02:27,640 - >>>> Epoch:26  , Dice score=0.564073 , avg fscore=0.495421
2025-03-18 21:04:22,564 - >>>> Epoch:27  , Dice score=0.608393 , avg fscore=0.630952
2025-03-18 21:06:16,976 - >>>> Epoch:28  , Dice score=0.579610 , avg fscore=0.455782
2025-03-18 21:08:17,097 - >>>> Epoch:29  , Dice score=0.608872 , avg fscore=0.469047
2025-03-18 21:11:56,862 - >>>> Epoch:30  , Dice score=0.829222 , avg fscore=0.726189
2025-03-18 21:14:38,585 - >>>> Epoch:31  , Dice score=0.748785 , avg fscore=0.620748
2025-03-18 21:17:19,675 - >>>> Epoch:32  , Dice score=0.789232 , avg fscore=0.619047
2025-03-18 21:20:00,962 - >>>> Epoch:33  , Dice score=0.826153 , avg fscore=0.809523
2025-03-18 21:22:41,364 - >>>> Epoch:34  , Dice score=0.868375 , avg fscore=0.758882
2025-03-18 21:25:22,515 - >>>> Epoch:35  , Dice score=0.804334 , avg fscore=0.749999
2025-03-18 21:28:02,640 - >>>> Epoch:36  , Dice score=0.773041 , avg fscore=0.698746
2025-03-18 21:30:44,397 - >>>> Epoch:37  , Dice score=0.807633 , avg fscore=0.665829
2025-03-18 21:33:26,532 - >>>> Epoch:38  , Dice score=0.869424 , avg fscore=0.842686
2025-03-18 21:36:08,508 - >>>> Epoch:39  , Dice score=0.897803 , avg fscore=0.841665
2025-03-18 21:39:32,150 - >>>> Epoch:40  , Dice score=0.873914 , avg fscore=0.787074
2025-03-18 21:42:14,388 - >>>> Epoch:41  , Dice score=0.814124 , avg fscore=0.605095
2025-03-18 21:44:54,126 - >>>> Epoch:42  , Dice score=0.716290 , avg fscore=0.672931
2025-03-18 21:47:36,007 - >>>> Epoch:43  , Dice score=0.855955 , avg fscore=0.845237
2025-03-18 21:50:19,104 - >>>> Epoch:44  , Dice score=0.891923 , avg fscore=0.877288
2025-03-18 21:50:26,206 - >>>> Save the model checkpoints to Pretrain+FinetuneS1Real140_ce1_focaltv_(0.4,0.6,delta2/3)_stylechange_lr0.0001
2025-03-18 21:53:09,089 - >>>> Epoch:45  , Dice score=0.733059 , avg fscore=0.395980
2025-03-18 21:55:51,342 - >>>> Epoch:46  , Dice score=0.893677 , avg fscore=0.835033
2025-03-18 21:58:33,167 - >>>> Epoch:47  , Dice score=0.903215 , avg fscore=0.899319
2025-03-18 21:58:40,199 - >>>> Save the model checkpoints to Pretrain+FinetuneS1Real140_ce1_focaltv_(0.4,0.6,delta2/3)_stylechange_lr0.0001
2025-03-18 22:01:22,760 - >>>> Epoch:48  , Dice score=0.783674 , avg fscore=0.549633
2025-03-18 22:04:05,995 - >>>> Epoch:49  , Dice score=0.891963 , avg fscore=0.821427
2025-03-18 22:07:26,414 - >>>> Epoch:50  , Dice score=0.832561 , avg fscore=0.861903
2025-03-18 22:10:08,834 - >>>> Epoch:51  , Dice score=0.902140 , avg fscore=0.830626
2025-03-18 22:12:50,595 - >>>> Epoch:52  , Dice score=0.876472 , avg fscore=0.821611
2025-03-18 22:15:32,366 - >>>> Epoch:53  , Dice score=0.654979 , avg fscore=0.520634
2025-03-18 22:18:19,625 - >>>> Epoch:54  , Dice score=0.755406 , avg fscore=0.740475
2025-03-18 22:21:00,114 - >>>> Epoch:55  , Dice score=0.757653 , avg fscore=0.728570
2025-03-18 22:23:41,676 - >>>> Epoch:56  , Dice score=0.813169 , avg fscore=0.771428
2025-03-18 22:26:22,657 - >>>> Epoch:57  , Dice score=0.744967 , avg fscore=0.673809
2025-03-18 22:29:04,993 - >>>> Epoch:58  , Dice score=0.880638 , avg fscore=0.799057
2025-03-18 22:31:46,994 - >>>> Epoch:59  , Dice score=0.865614 , avg fscore=0.840658
2025-03-18 22:35:06,091 - >>>> Epoch:60  , Dice score=0.700339 , avg fscore=0.603174
2025-03-18 22:37:49,402 - >>>> Epoch:61  , Dice score=0.862749 , avg fscore=0.773808
2025-03-18 22:40:32,341 - >>>> Epoch:62  , Dice score=0.894991 , avg fscore=0.868169
2025-03-18 22:43:15,147 - >>>> Epoch:63  , Dice score=0.876448 , avg fscore=0.805281
2025-03-18 22:45:58,334 - >>>> Epoch:64  , Dice score=0.898507 , avg fscore=0.811308
2025-03-18 22:48:41,031 - >>>> Epoch:65  , Dice score=0.834868 , avg fscore=0.630041
2025-03-18 22:51:24,874 - >>>> Epoch:66  , Dice score=0.748933 , avg fscore=0.577693
2025-03-18 22:54:05,972 - >>>> Epoch:67  , Dice score=0.822255 , avg fscore=0.830951
2025-03-18 22:56:50,022 - >>>> Epoch:68  , Dice score=0.882751 , avg fscore=0.855888
2025-03-18 22:59:32,927 - >>>> Epoch:69  , Dice score=0.883643 , avg fscore=0.827838
2025-03-18 23:02:51,375 - >>>> Epoch:70  , Dice score=0.607515 , avg fscore=0.321428
2025-03-18 23:05:33,375 - >>>> Epoch:71  , Dice score=0.755191 , avg fscore=0.679591
2025-03-18 23:08:16,755 - >>>> Epoch:72  , Dice score=0.787398 , avg fscore=0.684981
2025-03-18 23:10:59,293 - >>>> Epoch:73  , Dice score=0.707768 , avg fscore=0.642856
2025-03-18 23:13:42,515 - >>>> Epoch:74  , Dice score=0.844873 , avg fscore=0.890475
2025-03-18 23:16:25,968 - >>>> Epoch:75  , Dice score=0.852882 , avg fscore=0.707936
2025-03-18 23:19:09,447 - >>>> Epoch:76  , Dice score=0.820595 , avg fscore=0.666666
2025-03-18 23:21:53,557 - >>>> Epoch:77  , Dice score=0.864492 , avg fscore=0.858927
2025-03-18 23:24:35,982 - >>>> Epoch:78  , Dice score=0.810314 , avg fscore=0.771428
2025-03-18 23:27:17,958 - >>>> Epoch:79  , Dice score=0.599831 , avg fscore=0.438095
2025-03-18 23:30:36,683 - >>>> Epoch:80  , Dice score=0.708651 , avg fscore=0.507936
2025-03-18 23:33:18,832 - >>>> Epoch:81  , Dice score=0.785217 , avg fscore=0.746257
2025-03-18 23:36:02,741 - >>>> Epoch:82  , Dice score=0.788183 , avg fscore=0.694443
2025-03-18 23:38:45,739 - >>>> Epoch:83  , Dice score=0.824979 , avg fscore=0.736053
2025-03-18 23:41:27,703 - >>>> Epoch:84  , Dice score=0.749534 , avg fscore=0.690475
2025-03-18 23:44:10,783 - >>>> Epoch:85  , Dice score=0.803895 , avg fscore=0.740895
2025-03-18 23:46:55,193 - >>>> Epoch:86  , Dice score=0.814435 , avg fscore=0.716449
2025-03-18 23:49:39,117 - >>>> Epoch:87  , Dice score=0.824307 , avg fscore=0.822221
2025-03-18 23:52:22,328 - >>>> Epoch:88  , Dice score=0.827533 , avg fscore=0.793876
2025-03-18 23:55:05,452 - >>>> Epoch:89  , Dice score=0.826223 , avg fscore=0.791665
2025-03-18 23:58:26,908 - >>>> Epoch:90  , Dice score=0.875341 , avg fscore=0.756302
2025-03-19 00:01:10,989 - >>>> Epoch:91  , Dice score=0.831763 , avg fscore=0.832832
2025-03-19 00:03:54,997 - >>>> Epoch:92  , Dice score=0.871339 , avg fscore=0.814284
2025-03-19 00:06:39,779 - >>>> Epoch:93  , Dice score=0.845863 , avg fscore=0.758927
2025-03-19 00:09:23,264 - >>>> Epoch:94  , Dice score=0.782807 , avg fscore=0.732492
2025-03-19 00:12:07,991 - >>>> Epoch:95  , Dice score=0.881909 , avg fscore=0.893451
2025-03-19 00:14:51,869 - >>>> Epoch:96  , Dice score=0.860495 , avg fscore=0.869046
2025-03-19 00:17:35,159 - >>>> Epoch:97  , Dice score=0.756552 , avg fscore=0.630451
2025-03-19 00:20:17,189 - >>>> Epoch:98  , Dice score=0.762225 , avg fscore=0.716666
2025-03-19 00:23:00,869 - >>>> Epoch:99  , Dice score=0.850651 , avg fscore=0.744257
2025-03-19 00:26:21,992 - >>>> Epoch:100  , Dice score=0.799909 , avg fscore=0.585118
2025-03-19 00:29:05,949 - >>>> Epoch:101  , Dice score=0.864457 , avg fscore=0.797618
2025-03-19 00:31:49,501 - >>>> Epoch:102  , Dice score=0.727094 , avg fscore=0.611110
2025-03-19 00:34:35,632 - >>>> Epoch:103  , Dice score=0.867056 , avg fscore=0.717286
2025-03-19 00:37:19,848 - >>>> Epoch:104  , Dice score=0.860878 , avg fscore=0.813871
2025-03-19 00:40:05,154 - >>>> Epoch:105  , Dice score=0.880026 , avg fscore=0.790475
2025-03-19 00:42:50,405 - >>>> Epoch:106  , Dice score=0.823171 , avg fscore=0.713094
2025-03-19 00:45:35,019 - >>>> Epoch:107  , Dice score=0.877024 , avg fscore=0.799404
2025-03-19 00:48:19,730 - >>>> Epoch:108  , Dice score=0.787270 , avg fscore=0.729322
2025-03-19 00:51:05,888 - >>>> Epoch:109  , Dice score=0.841852 , avg fscore=0.719047
2025-03-19 00:54:27,013 - >>>> Epoch:110  , Dice score=0.871370 , avg fscore=0.793650
2025-03-19 00:57:10,938 - >>>> Epoch:111  , Dice score=0.840914 , avg fscore=0.831231
2025-03-19 00:59:56,795 - >>>> Epoch:112  , Dice score=0.808655 , avg fscore=0.562868
2025-03-19 01:02:42,634 - >>>> Epoch:113  , Dice score=0.894601 , avg fscore=0.851647
2025-03-19 01:05:28,160 - >>>> Epoch:114  , Dice score=0.812056 , avg fscore=0.665825
2025-03-19 01:08:14,327 - >>>> Epoch:115  , Dice score=0.850770 , avg fscore=0.738407
2025-03-19 01:10:59,943 - >>>> Epoch:116  , Dice score=0.789076 , avg fscore=0.598639
2025-03-19 01:13:46,196 - >>>> Epoch:117  , Dice score=0.781883 , avg fscore=0.588435
2025-03-19 01:16:32,398 - >>>> Epoch:118  , Dice score=0.879192 , avg fscore=0.747898
2025-03-19 01:19:18,257 - >>>> Epoch:119  , Dice score=0.908122 , avg fscore=0.872448
2025-03-19 01:22:40,286 - >>>> Epoch:120  , Dice score=0.822412 , avg fscore=0.822448
2025-03-19 01:25:25,808 - >>>> Epoch:121  , Dice score=0.913527 , avg fscore=0.939795
2025-03-19 01:25:33,450 - >>>> Save the model checkpoints to Pretrain+FinetuneS1Real140_ce1_focaltv_(0.4,0.6,delta2/3)_stylechange_lr0.0001
2025-03-19 01:28:19,417 - >>>> Epoch:122  , Dice score=0.740021 , avg fscore=0.625312
2025-03-19 01:31:07,151 - >>>> Epoch:123  , Dice score=0.864646 , avg fscore=0.865305
2025-03-19 01:33:53,810 - >>>> Epoch:124  , Dice score=0.812618 , avg fscore=0.742856
2025-03-19 01:36:39,706 - >>>> Epoch:125  , Dice score=0.876456 , avg fscore=0.753000
2025-03-19 01:39:26,000 - >>>> Epoch:126  , Dice score=0.859430 , avg fscore=0.809836
2025-03-19 01:42:11,695 - >>>> Epoch:127  , Dice score=0.879142 , avg fscore=0.876469
2025-03-19 01:44:57,213 - >>>> Epoch:128  , Dice score=0.885909 , avg fscore=0.793650
2025-03-19 01:47:42,363 - >>>> Epoch:129  , Dice score=0.814312 , avg fscore=0.737878
2025-03-19 01:51:04,660 - >>>> Epoch:130  , Dice score=0.813343 , avg fscore=0.807691
2025-03-19 01:53:50,181 - >>>> Epoch:131  , Dice score=0.860135 , avg fscore=0.792016
2025-03-19 01:56:35,012 - >>>> Epoch:132  , Dice score=0.890994 , avg fscore=0.899744
2025-03-19 01:59:20,761 - >>>> Epoch:133  , Dice score=0.881683 , avg fscore=0.869046
2025-03-19 02:02:05,558 - >>>> Epoch:134  , Dice score=0.838136 , avg fscore=0.759803
2025-03-19 02:04:51,693 - >>>> Epoch:135  , Dice score=0.858784 , avg fscore=0.838094
2025-03-19 02:07:37,558 - >>>> Epoch:136  , Dice score=0.880118 , avg fscore=0.851503
2025-03-19 02:10:22,963 - >>>> Epoch:137  , Dice score=0.800377 , avg fscore=0.756265
2025-03-19 02:13:08,361 - >>>> Epoch:138  , Dice score=0.878479 , avg fscore=0.824148
2025-03-19 02:15:55,097 - >>>> Epoch:139  , Dice score=0.892468 , avg fscore=0.844737
2025-03-19 02:19:14,816 - >>>> Epoch:140  , Dice score=0.841619 , avg fscore=0.692086
2025-03-19 02:21:59,228 - >>>> Epoch:141  , Dice score=0.817728 , avg fscore=0.722221
2025-03-19 02:24:44,181 - >>>> Epoch:142  , Dice score=0.905776 , avg fscore=0.830356
2025-03-19 02:27:31,005 - >>>> Epoch:143  , Dice score=0.773148 , avg fscore=0.454761
2025-03-19 02:30:16,542 - >>>> Epoch:144  , Dice score=0.900762 , avg fscore=0.837867
2025-03-19 02:33:02,137 - >>>> Epoch:145  , Dice score=0.841920 , avg fscore=0.625973
2025-03-19 02:35:47,838 - >>>> Epoch:146  , Dice score=0.876686 , avg fscore=0.802380
2025-03-19 02:38:34,519 - >>>> Epoch:147  , Dice score=0.904113 , avg fscore=0.910713
2025-03-19 02:41:19,873 - >>>> Epoch:148  , Dice score=0.757326 , avg fscore=0.562244
2025-03-19 02:44:05,111 - >>>> Epoch:149  , Dice score=0.820428 , avg fscore=0.749159
2025-03-19 02:47:23,650 - >>>> Epoch:150  , Dice score=0.798175 , avg fscore=0.740078
2025-03-19 02:50:08,608 - >>>> Epoch:151  , Dice score=0.898470 , avg fscore=0.862244
2025-03-19 02:52:56,579 - >>>> Epoch:152  , Dice score=0.913383 , avg fscore=0.865645
2025-03-19 02:55:42,443 - >>>> Epoch:153  , Dice score=0.869518 , avg fscore=0.836333
2025-03-19 02:58:27,843 - >>>> Epoch:154  , Dice score=0.872461 , avg fscore=0.753060
2025-03-19 03:01:12,024 - >>>> Epoch:155  , Dice score=0.810265 , avg fscore=0.768306
2025-03-19 03:03:57,144 - >>>> Epoch:156  , Dice score=0.884956 , avg fscore=0.836733
2025-03-19 03:06:42,127 - >>>> Epoch:157  , Dice score=0.865884 , avg fscore=0.790475
2025-03-19 03:09:27,973 - >>>> Epoch:158  , Dice score=0.858430 , avg fscore=0.651286
2025-03-19 03:12:13,389 - >>>> Epoch:159  , Dice score=0.869938 , avg fscore=0.747898
2025-03-19 03:15:35,101 - >>>> Epoch:160  , Dice score=0.871445 , avg fscore=0.785176
2025-03-19 03:18:19,092 - >>>> Epoch:161  , Dice score=0.877427 , avg fscore=0.811224
2025-03-19 03:21:04,292 - >>>> Epoch:162  , Dice score=0.900694 , avg fscore=0.819327
2025-03-19 03:23:50,680 - >>>> Epoch:163  , Dice score=0.888423 , avg fscore=0.805554
2025-03-19 03:26:35,838 - >>>> Epoch:164  , Dice score=0.893247 , avg fscore=0.850279
2025-03-19 03:29:21,141 - >>>> Epoch:165  , Dice score=0.895217 , avg fscore=0.861677
2025-03-19 03:32:06,682 - >>>> Epoch:166  , Dice score=0.818531 , avg fscore=0.714285
2025-03-19 03:34:50,695 - >>>> Epoch:167  , Dice score=0.752659 , avg fscore=0.630951
2025-03-19 03:37:36,298 - >>>> Epoch:168  , Dice score=0.889934 , avg fscore=0.821885
2025-03-19 03:40:21,744 - >>>> Epoch:169  , Dice score=0.867445 , avg fscore=0.782312
2025-03-19 03:43:43,007 - >>>> Epoch:170  , Dice score=0.780670 , avg fscore=0.524829
2025-03-19 03:46:28,141 - >>>> Epoch:171  , Dice score=0.908446 , avg fscore=0.865305
2025-03-19 03:49:12,927 - >>>> Epoch:172  , Dice score=0.808425 , avg fscore=0.775934
2025-03-19 03:51:58,615 - >>>> Epoch:173  , Dice score=0.870828 , avg fscore=0.799744
2025-03-19 03:54:44,341 - >>>> Epoch:174  , Dice score=0.851727 , avg fscore=0.672501
2025-03-19 03:57:29,056 - >>>> Epoch:175  , Dice score=0.906813 , avg fscore=0.856291
2025-03-19 04:00:14,590 - >>>> Epoch:176  , Dice score=0.891186 , avg fscore=0.847221
2025-03-19 04:02:59,263 - >>>> Epoch:177  , Dice score=0.795461 , avg fscore=0.795237
2025-03-19 04:05:43,717 - >>>> Epoch:178  , Dice score=0.919085 , avg fscore=0.945577
2025-03-19 04:05:50,968 - >>>> Save the model checkpoints to Pretrain+FinetuneS1Real140_ce1_focaltv_(0.4,0.6,delta2/3)_stylechange_lr0.0001
2025-03-19 04:08:35,739 - >>>> Epoch:179  , Dice score=0.849026 , avg fscore=0.678537
2025-03-19 04:11:56,618 - >>>> Epoch:180  , Dice score=0.892158 , avg fscore=0.888888
2025-03-19 04:14:42,805 - >>>> Epoch:181  , Dice score=0.898824 , avg fscore=0.845804
2025-03-19 04:17:28,384 - >>>> Epoch:182  , Dice score=0.891147 , avg fscore=0.873015
2025-03-19 04:20:14,201 - >>>> Epoch:183  , Dice score=0.827631 , avg fscore=0.661064
2025-03-19 04:22:56,690 - >>>> Epoch:184  , Dice score=0.720508 , avg fscore=0.666666
2025-03-19 04:25:42,140 - >>>> Epoch:185  , Dice score=0.893239 , avg fscore=0.802153
2025-03-19 04:28:28,455 - >>>> Epoch:186  , Dice score=0.907436 , avg fscore=0.903920
2025-03-19 04:31:14,246 - >>>> Epoch:187  , Dice score=0.824396 , avg fscore=0.761904
2025-03-19 04:33:58,575 - >>>> Epoch:188  , Dice score=0.875268 , avg fscore=0.821427
2025-03-19 04:36:43,623 - >>>> Epoch:189  , Dice score=0.830223 , avg fscore=0.793876
2025-03-19 04:40:04,153 - >>>> Epoch:190  , Dice score=0.880313 , avg fscore=0.738094
2025-03-19 04:42:48,925 - >>>> Epoch:191  , Dice score=0.896577 , avg fscore=0.770832
2025-03-19 04:45:34,175 - >>>> Epoch:192  , Dice score=0.913502 , avg fscore=0.923076
2025-03-19 04:48:19,669 - >>>> Epoch:193  , Dice score=0.799538 , avg fscore=0.625312
2025-03-19 04:51:43,441 - >>>> Epoch:194  , Dice score=0.903130 , avg fscore=0.864284
2025-03-19 04:54:28,893 - >>>> Epoch:195  , Dice score=0.867610 , avg fscore=0.720082
2025-03-19 04:57:13,570 - >>>> Epoch:196  , Dice score=0.834453 , avg fscore=0.682539
2025-03-19 04:59:58,148 - >>>> Epoch:197  , Dice score=0.874401 , avg fscore=0.815645
2025-03-19 05:02:43,426 - >>>> Epoch:198  , Dice score=0.855527 , avg fscore=0.732492
2025-03-19 05:05:29,490 - >>>> Epoch:199  , Dice score=0.871714 , avg fscore=0.846938
2025-03-19 05:08:49,748 - >>>> Epoch:200  , Dice score=0.874343 , avg fscore=0.872055
2025-03-19 05:11:35,326 - >>>> Epoch:201  , Dice score=0.881661 , avg fscore=0.864346
2025-03-19 05:14:21,028 - >>>> Epoch:202  , Dice score=0.856292 , avg fscore=0.792123
2025-03-19 05:17:07,155 - >>>> Epoch:203  , Dice score=0.900316 , avg fscore=0.851700
2025-03-19 05:19:52,215 - >>>> Epoch:204  , Dice score=0.906806 , avg fscore=0.849205
2025-03-19 05:22:37,827 - >>>> Epoch:205  , Dice score=0.904452 , avg fscore=0.923808
2025-03-19 05:25:22,923 - >>>> Epoch:206  , Dice score=0.903488 , avg fscore=0.923076
2025-03-19 05:28:07,289 - >>>> Epoch:207  , Dice score=0.889048 , avg fscore=0.899266
2025-03-19 05:30:53,041 - >>>> Epoch:208  , Dice score=0.873767 , avg fscore=0.751700
2025-03-19 05:33:38,245 - >>>> Epoch:209  , Dice score=0.896379 , avg fscore=0.868479
2025-03-19 05:36:59,153 - >>>> Epoch:210  , Dice score=0.894314 , avg fscore=0.918366
2025-03-19 05:39:45,697 - >>>> Epoch:211  , Dice score=0.876922 , avg fscore=0.897958
2025-03-19 05:42:30,729 - >>>> Epoch:212  , Dice score=0.886496 , avg fscore=0.836507
2025-03-19 05:45:15,191 - >>>> Epoch:213  , Dice score=0.912626 , avg fscore=0.923808
2025-03-19 05:48:00,305 - >>>> Epoch:214  , Dice score=0.819317 , avg fscore=0.735118
2025-03-19 05:50:45,175 - >>>> Epoch:215  , Dice score=0.882454 , avg fscore=0.774404
2025-03-19 05:53:29,426 - >>>> Epoch:216  , Dice score=0.806508 , avg fscore=0.763689
2025-03-19 05:56:14,583 - >>>> Epoch:217  , Dice score=0.846186 , avg fscore=0.751700
2025-03-19 05:58:59,146 - >>>> Epoch:218  , Dice score=0.860422 , avg fscore=0.828570
2025-03-19 06:01:44,562 - >>>> Epoch:219  , Dice score=0.850102 , avg fscore=0.893196
2025-03-19 06:05:03,207 - >>>> Epoch:220  , Dice score=0.756848 , avg fscore=0.769230
2025-03-19 06:07:47,467 - >>>> Epoch:221  , Dice score=0.835007 , avg fscore=0.778570
2025-03-19 06:10:31,991 - >>>> Epoch:222  , Dice score=0.875259 , avg fscore=0.780271
2025-03-19 06:13:17,636 - >>>> Epoch:223  , Dice score=0.775710 , avg fscore=0.590513
2025-03-19 06:16:02,592 - >>>> Epoch:224  , Dice score=0.898342 , avg fscore=0.838094
2025-03-19 06:18:48,541 - >>>> Epoch:225  , Dice score=0.876003 , avg fscore=0.787593
2025-03-19 06:21:33,517 - >>>> Epoch:226  , Dice score=0.787518 , avg fscore=0.639455
2025-03-19 06:24:18,798 - >>>> Epoch:227  , Dice score=0.872098 , avg fscore=0.857142
2025-03-19 06:27:03,829 - >>>> Epoch:228  , Dice score=0.887954 , avg fscore=0.880951
2025-03-19 06:29:49,082 - >>>> Epoch:229  , Dice score=0.894677 , avg fscore=0.848101
2025-03-19 06:33:07,553 - >>>> Epoch:230  , Dice score=0.886802 , avg fscore=0.804081
2025-03-19 06:35:51,881 - >>>> Epoch:231  , Dice score=0.814330 , avg fscore=0.821768
2025-03-19 06:38:37,797 - >>>> Epoch:232  , Dice score=0.894817 , avg fscore=0.844557
2025-03-19 06:41:22,495 - >>>> Epoch:233  , Dice score=0.888286 , avg fscore=0.827890
2025-03-19 06:44:08,351 - >>>> Epoch:234  , Dice score=0.855169 , avg fscore=0.747618
2025-03-19 06:46:53,467 - >>>> Epoch:235  , Dice score=0.803838 , avg fscore=0.637217
2025-03-19 06:49:38,960 - >>>> Epoch:236  , Dice score=0.885431 , avg fscore=0.854165
2025-03-19 06:52:25,297 - >>>> Epoch:237  , Dice score=0.911722 , avg fscore=0.919642
2025-03-19 06:55:11,108 - >>>> Epoch:238  , Dice score=0.901556 , avg fscore=0.915985
2025-03-19 06:57:56,894 - >>>> Epoch:239  , Dice score=0.916931 , avg fscore=0.927730
2025-03-19 07:01:16,365 - >>>> Epoch:240  , Dice score=0.921700 , avg fscore=0.936133
2025-03-19 07:04:02,340 - >>>> Epoch:241  , Dice score=0.793999 , avg fscore=0.626190
2025-03-19 07:06:46,988 - >>>> Epoch:242  , Dice score=0.864531 , avg fscore=0.736841
2025-03-19 07:09:33,430 - >>>> Epoch:243  , Dice score=0.893863 , avg fscore=0.856301
2025-03-19 07:12:18,389 - >>>> Epoch:244  , Dice score=0.888096 , avg fscore=0.803884
2025-03-19 07:15:01,480 - >>>> Epoch:245  , Dice score=0.704634 , avg fscore=0.623809
2025-03-19 07:17:47,342 - >>>> Epoch:246  , Dice score=0.828053 , avg fscore=0.617794
2025-03-19 07:20:32,279 - >>>> Epoch:247  , Dice score=0.915633 , avg fscore=0.923076
2025-03-19 07:23:17,215 - >>>> Epoch:248  , Dice score=0.713642 , avg fscore=0.527777
2025-03-19 07:26:01,626 - >>>> Epoch:249  , Dice score=0.856471 , avg fscore=0.747023
2025-03-19 07:29:21,708 - >>>> Epoch:250  , Dice score=0.899900 , avg fscore=0.784460
2025-03-19 07:32:06,484 - >>>> Epoch:251  , Dice score=0.881437 , avg fscore=0.773808
2025-03-19 07:34:52,068 - >>>> Epoch:252  , Dice score=0.899139 , avg fscore=0.930356
2025-03-19 07:37:37,261 - >>>> Epoch:253  , Dice score=0.882855 , avg fscore=0.725312
2025-03-19 07:40:21,911 - >>>> Epoch:254  , Dice score=0.887772 , avg fscore=0.724936
2025-03-19 07:43:07,227 - >>>> Epoch:255  , Dice score=0.922115 , avg fscore=0.934873
2025-03-19 07:45:52,084 - >>>> Epoch:256  , Dice score=0.886239 , avg fscore=0.790475
2025-03-19 07:48:37,893 - >>>> Epoch:257  , Dice score=0.883648 , avg fscore=0.757936
2025-03-19 07:51:23,562 - >>>> Epoch:258  , Dice score=0.875837 , avg fscore=0.772931
2025-03-19 07:54:08,533 - >>>> Epoch:259  , Dice score=0.911676 , avg fscore=0.881231
2025-03-19 07:57:29,214 - >>>> Epoch:260  , Dice score=0.807241 , avg fscore=0.758927
2025-03-19 08:00:11,939 - >>>> Epoch:261  , Dice score=0.605260 , avg fscore=0.469047
2025-03-19 08:02:57,140 - >>>> Epoch:262  , Dice score=0.820804 , avg fscore=0.769046
2025-03-19 08:05:43,712 - >>>> Epoch:263  , Dice score=0.888488 , avg fscore=0.874574
2025-03-19 08:08:28,020 - >>>> Epoch:264  , Dice score=0.901149 , avg fscore=0.938774
2025-03-19 08:11:13,212 - >>>> Epoch:265  , Dice score=0.910483 , avg fscore=0.918366
2025-03-19 08:13:59,398 - >>>> Epoch:266  , Dice score=0.856075 , avg fscore=0.699404
2025-03-19 08:16:43,175 - >>>> Epoch:267  , Dice score=0.698183 , avg fscore=0.507936
2025-03-19 08:19:27,591 - >>>> Epoch:268  , Dice score=0.781963 , avg fscore=0.754959
2025-03-19 08:22:12,295 - >>>> Epoch:269  , Dice score=0.819416 , avg fscore=0.700279
2025-03-19 08:25:30,815 - >>>> Epoch:270  , Dice score=0.801035 , avg fscore=0.708646
2025-03-19 08:28:14,735 - >>>> Epoch:271  , Dice score=0.790495 , avg fscore=0.772931
2025-03-19 08:30:59,845 - >>>> Epoch:272  , Dice score=0.761650 , avg fscore=0.615037
2025-03-19 08:33:44,776 - >>>> Epoch:273  , Dice score=0.870666 , avg fscore=0.703174
2025-03-19 08:36:30,242 - >>>> Epoch:274  , Dice score=0.914777 , avg fscore=0.856301
2025-03-19 08:39:15,491 - >>>> Epoch:275  , Dice score=0.910497 , avg fscore=0.894557
2025-03-19 08:42:00,737 - >>>> Epoch:276  , Dice score=0.875463 , avg fscore=0.790475
2025-03-19 08:44:46,384 - >>>> Epoch:277  , Dice score=0.753512 , avg fscore=0.606265
2025-03-19 08:47:31,172 - >>>> Epoch:278  , Dice score=0.852183 , avg fscore=0.809523
2025-03-19 08:50:17,032 - >>>> Epoch:279  , Dice score=0.877076 , avg fscore=0.816666
2025-03-19 08:53:37,041 - >>>> Epoch:280  , Dice score=0.857252 , avg fscore=0.684873
2025-03-19 08:56:21,290 - >>>> Epoch:281  , Dice score=0.794002 , avg fscore=0.686507
2025-03-19 08:59:07,145 - >>>> Epoch:282  , Dice score=0.900561 , avg fscore=0.837414
2025-03-19 09:01:53,067 - >>>> Epoch:283  , Dice score=0.847608 , avg fscore=0.769046
2025-03-19 09:04:38,108 - >>>> Epoch:284  , Dice score=0.832584 , avg fscore=0.738094
2025-03-19 09:07:22,285 - >>>> Epoch:285  , Dice score=0.845912 , avg fscore=0.840815
2025-03-19 09:10:07,009 - >>>> Epoch:286  , Dice score=0.830667 , avg fscore=0.780356
2025-03-19 09:12:51,719 - >>>> Epoch:287  , Dice score=0.852885 , avg fscore=0.787414
2025-03-19 09:15:36,693 - >>>> Epoch:288  , Dice score=0.892030 , avg fscore=0.894557
2025-03-19 09:18:21,000 - >>>> Epoch:289  , Dice score=0.888800 , avg fscore=0.837184
2025-03-19 09:21:41,291 - >>>> Epoch:290  , Dice score=0.894353 , avg fscore=0.851699
2025-03-19 09:24:26,259 - >>>> Epoch:291  , Dice score=0.858927 , avg fscore=0.719047
2025-03-19 09:27:10,639 - >>>> Epoch:292  , Dice score=0.806507 , avg fscore=0.726189
2025-03-19 09:29:56,163 - >>>> Epoch:293  , Dice score=0.847786 , avg fscore=0.625312
2025-03-19 09:32:40,311 - >>>> Epoch:294  , Dice score=0.895637 , avg fscore=0.803570
2025-03-19 09:35:24,593 - >>>> Epoch:295  , Dice score=0.831528 , avg fscore=0.756301
2025-03-19 09:38:10,870 - >>>> Epoch:296  , Dice score=0.867580 , avg fscore=0.831632
2025-03-19 09:40:55,363 - >>>> Epoch:297  , Dice score=0.909917 , avg fscore=0.909522
2025-03-19 09:43:41,224 - >>>> Epoch:298  , Dice score=0.846389 , avg fscore=0.710316
2025-03-19 09:46:26,803 - >>>> Epoch:299  , Dice score=0.808006 , avg fscore=0.696741
2025-03-19 09:49:46,682 - >>>> Epoch:300  , Dice score=0.890041 , avg fscore=0.793366
2025-03-19 09:52:34,587 - >>>> Epoch:301  , Dice score=0.886357 , avg fscore=0.819327
2025-03-19 09:55:19,095 - >>>> Epoch:302  , Dice score=0.913577 , avg fscore=0.940815
2025-03-19 09:58:07,427 - >>>> Epoch:303  , Dice score=0.870794 , avg fscore=0.776785
2025-03-19 10:00:51,901 - >>>> Epoch:304  , Dice score=0.783492 , avg fscore=0.672931
2025-03-19 10:03:36,219 - >>>> Epoch:305  , Dice score=0.669787 , avg fscore=0.350000
2025-03-19 10:06:22,162 - >>>> Epoch:306  , Dice score=0.764210 , avg fscore=0.686507
2025-03-19 10:09:04,206 - >>>> Epoch:307  , Dice score=0.621323 , avg fscore=0.442856
2025-03-19 10:11:51,473 - >>>> Epoch:308  , Dice score=0.762839 , avg fscore=0.669047
2025-03-19 10:14:39,360 - >>>> Epoch:309  , Dice score=0.912601 , avg fscore=0.897958
2025-03-19 10:17:57,063 - >>>> Epoch:310  , Dice score=0.811788 , avg fscore=0.798638
2025-03-19 10:20:43,663 - >>>> Epoch:311  , Dice score=0.882690 , avg fscore=0.817459
2025-03-19 10:23:29,194 - >>>> Epoch:312  , Dice score=0.847921 , avg fscore=0.758502
2025-03-19 10:26:19,317 - >>>> Epoch:313  , Dice score=0.924441 , avg fscore=0.938094
2025-03-19 10:29:04,387 - >>>> Epoch:314  , Dice score=0.927994 , avg fscore=0.927837
2025-03-19 10:31:49,120 - >>>> Epoch:315  , Dice score=0.893905 , avg fscore=0.880951
2025-03-19 10:34:35,253 - >>>> Epoch:316  , Dice score=0.883469 , avg fscore=0.806547
2025-03-19 10:37:20,810 - >>>> Epoch:317  , Dice score=0.882946 , avg fscore=0.823553
2025-03-19 10:40:06,717 - >>>> Epoch:318  , Dice score=0.863675 , avg fscore=0.763038
2025-03-19 10:42:54,690 - >>>> Epoch:319  , Dice score=0.901547 , avg fscore=0.894982
2025-03-19 10:46:14,864 - >>>> Epoch:320  , Dice score=0.919855 , avg fscore=0.909522
2025-03-19 10:48:59,448 - >>>> Epoch:321  , Dice score=0.920001 , avg fscore=0.955781
2025-03-19 10:49:06,373 - >>>> Save the model checkpoints to Pretrain+FinetuneS1Real140_ce1_focaltv_(0.4,0.6,delta2/3)_stylechange_lr0.0001
2025-03-19 10:51:51,067 - >>>> Epoch:322  , Dice score=0.924444 , avg fscore=0.952380
2025-03-19 10:54:37,094 - >>>> Epoch:323  , Dice score=0.928962 , avg fscore=0.952380
2025-03-19 10:57:23,781 - >>>> Epoch:324  , Dice score=0.839241 , avg fscore=0.685783
2025-03-19 11:00:08,643 - >>>> Epoch:325  , Dice score=0.909538 , avg fscore=0.914284
2025-03-19 11:02:55,356 - >>>> Epoch:326  , Dice score=0.784463 , avg fscore=0.761904
2025-03-19 11:05:40,889 - >>>> Epoch:327  , Dice score=0.882843 , avg fscore=0.822448
2025-03-19 11:08:25,779 - >>>> Epoch:328  , Dice score=0.851631 , avg fscore=0.826189
2025-03-19 11:11:14,361 - >>>> Epoch:329  , Dice score=0.917422 , avg fscore=0.821885
2025-03-19 11:14:34,457 - >>>> Epoch:330  , Dice score=0.890535 , avg fscore=0.842856
2025-03-19 11:17:22,229 - >>>> Epoch:331  , Dice score=0.862478 , avg fscore=0.732492
2025-03-19 11:20:11,678 - >>>> Epoch:332  , Dice score=0.867139 , avg fscore=0.830356
2025-03-19 11:22:56,454 - >>>> Epoch:333  , Dice score=0.928707 , avg fscore=0.915933
2025-03-19 11:25:42,680 - >>>> Epoch:334  , Dice score=0.907862 , avg fscore=0.899403
2025-03-19 11:28:27,674 - >>>> Epoch:335  , Dice score=0.889233 , avg fscore=0.893650
2025-03-19 11:31:13,727 - >>>> Epoch:336  , Dice score=0.904116 , avg fscore=0.845237
2025-03-19 11:33:59,997 - >>>> Epoch:337  , Dice score=0.914110 , avg fscore=0.887361
2025-03-19 11:36:45,484 - >>>> Epoch:338  , Dice score=0.909191 , avg fscore=0.861110
2025-03-19 11:39:34,254 - >>>> Epoch:339  , Dice score=0.907200 , avg fscore=0.912324
2025-03-19 11:42:55,384 - >>>> Epoch:340  , Dice score=0.908785 , avg fscore=0.874999
2025-03-19 11:45:40,333 - >>>> Epoch:341  , Dice score=0.913057 , avg fscore=0.911903
2025-03-19 11:48:29,281 - >>>> Epoch:342  , Dice score=0.823221 , avg fscore=0.784192
2025-03-19 11:51:16,006 - >>>> Epoch:343  , Dice score=0.888178 , avg fscore=0.812074
2025-03-19 11:54:05,241 - >>>> Epoch:344  , Dice score=0.902878 , avg fscore=0.915933
2025-03-19 11:56:50,463 - >>>> Epoch:345  , Dice score=0.846620 , avg fscore=0.732142
2025-03-19 11:59:35,410 - >>>> Epoch:346  , Dice score=0.894508 , avg fscore=0.849999
2025-03-19 12:02:24,166 - >>>> Epoch:347  , Dice score=0.899464 , avg fscore=0.902380
2025-03-19 12:05:09,307 - >>>> Epoch:348  , Dice score=0.900385 , avg fscore=0.885713
2025-03-19 12:07:54,913 - >>>> Epoch:349  , Dice score=0.908805 , avg fscore=0.909523
2025-03-19 12:11:17,521 - >>>> Epoch:350  , Dice score=0.773453 , avg fscore=0.499349
2025-03-19 12:14:01,045 - >>>> Epoch:351  , Dice score=0.763470 , avg fscore=0.737254
2025-03-19 12:16:51,124 - >>>> Epoch:352  , Dice score=0.899077 , avg fscore=0.933332
2025-03-19 12:19:36,674 - >>>> Epoch:353  , Dice score=0.902194 , avg fscore=0.894557
2025-03-19 12:22:25,637 - >>>> Epoch:354  , Dice score=0.764415 , avg fscore=0.682632
2025-03-19 12:25:09,811 - >>>> Epoch:355  , Dice score=0.684546 , avg fscore=0.637217
2025-03-19 12:27:56,489 - >>>> Epoch:356  , Dice score=0.790112 , avg fscore=0.780219
2025-03-19 12:30:39,620 - >>>> Epoch:357  , Dice score=0.703436 , avg fscore=0.708790
2025-03-19 12:33:25,074 - >>>> Epoch:358  , Dice score=0.845359 , avg fscore=0.836133
2025-03-19 12:36:10,313 - >>>> Epoch:359  , Dice score=0.874701 , avg fscore=0.747898
2025-03-19 12:39:32,914 - >>>> Epoch:360  , Dice score=0.890290 , avg fscore=0.842856
2025-03-19 12:42:18,284 - >>>> Epoch:361  , Dice score=0.836714 , avg fscore=0.800419
2025-03-19 12:45:03,818 - >>>> Epoch:362  , Dice score=0.839130 , avg fscore=0.625312
2025-03-19 12:47:50,758 - >>>> Epoch:363  , Dice score=0.691367 , avg fscore=0.623809
2025-03-19 12:50:36,581 - >>>> Epoch:364  , Dice score=0.812182 , avg fscore=0.705041
2025-03-19 12:53:22,342 - >>>> Epoch:365  , Dice score=0.768508 , avg fscore=0.732492
2025-03-19 12:56:06,222 - >>>> Epoch:366  , Dice score=0.900432 , avg fscore=0.857142
2025-03-19 12:58:51,961 - >>>> Epoch:367  , Dice score=0.817267 , avg fscore=0.749999
2025-03-19 13:01:41,762 - >>>> Epoch:368  , Dice score=0.854612 , avg fscore=0.749999
2025-03-19 13:04:29,273 - >>>> Epoch:369  , Dice score=0.761958 , avg fscore=0.639880
2025-03-19 13:07:49,304 - >>>> Epoch:370  , Dice score=0.853659 , avg fscore=0.827890
2025-03-19 13:10:38,500 - >>>> Epoch:371  , Dice score=0.886662 , avg fscore=0.739795
2025-03-19 13:13:24,790 - >>>> Epoch:372  , Dice score=0.911819 , avg fscore=0.890475
2025-03-19 13:16:13,897 - >>>> Epoch:373  , Dice score=0.916528 , avg fscore=0.887754
2025-03-19 13:18:59,462 - >>>> Epoch:374  , Dice score=0.891737 , avg fscore=0.829081
2025-03-19 13:21:45,468 - >>>> Epoch:375  , Dice score=0.898003 , avg fscore=0.811308
2025-03-19 13:24:33,640 - >>>> Epoch:376  , Dice score=0.912553 , avg fscore=0.863552
2025-03-19 13:27:19,356 - >>>> Epoch:377  , Dice score=0.804451 , avg fscore=0.772931
2025-03-19 13:30:09,175 - >>>> Epoch:378  , Dice score=0.869561 , avg fscore=0.830356
2025-03-19 13:32:55,518 - >>>> Epoch:379  , Dice score=0.900921 , avg fscore=0.880951
2025-03-19 13:36:13,838 - >>>> Epoch:380  , Dice score=0.912305 , avg fscore=0.935118
2025-03-19 13:38:59,697 - >>>> Epoch:381  , Dice score=0.873225 , avg fscore=0.794642
2025-03-19 13:41:47,929 - >>>> Epoch:382  , Dice score=0.885823 , avg fscore=0.846938
2025-03-19 13:44:33,493 - >>>> Epoch:383  , Dice score=0.880478 , avg fscore=0.780450
2025-03-19 13:47:17,339 - >>>> Epoch:384  , Dice score=0.836004 , avg fscore=0.859863
2025-03-19 13:50:04,717 - >>>> Epoch:385  , Dice score=0.857185 , avg fscore=0.782737
2025-03-19 13:52:51,591 - >>>> Epoch:386  , Dice score=0.897385 , avg fscore=0.846938
2025-03-19 13:55:37,436 - >>>> Epoch:387  , Dice score=0.872206 , avg fscore=0.830356
2025-03-19 13:58:23,219 - >>>> Epoch:388  , Dice score=0.908802 , avg fscore=0.809836
2025-03-19 14:01:09,096 - >>>> Epoch:389  , Dice score=0.916606 , avg fscore=0.818026
2025-03-19 14:04:29,957 - >>>> Epoch:390  , Dice score=0.920003 , avg fscore=0.896824
2025-03-19 14:07:16,848 - >>>> Epoch:391  , Dice score=0.870495 , avg fscore=0.815825
2025-03-19 14:10:06,152 - >>>> Epoch:392  , Dice score=0.927622 , avg fscore=0.909438
2025-03-19 14:12:51,568 - >>>> Epoch:393  , Dice score=0.915530 , avg fscore=0.880951
2025-03-19 14:15:41,148 - >>>> Epoch:394  , Dice score=0.885256 , avg fscore=0.720550
2025-03-19 14:18:26,791 - >>>> Epoch:395  , Dice score=0.873673 , avg fscore=0.838094
2025-03-19 14:21:11,009 - >>>> Epoch:396  , Dice score=0.903783 , avg fscore=0.856301
2025-03-19 14:23:59,985 - >>>> Epoch:397  , Dice score=0.805801 , avg fscore=0.670634
2025-03-19 14:26:48,461 - >>>> Epoch:398  , Dice score=0.899645 , avg fscore=0.917006
2025-03-19 14:29:36,884 - >>>> Epoch:399  , Dice score=0.836377 , avg fscore=0.787301
2025-03-19 14:32:59,587 - >>>> Epoch:400  , Dice score=0.871416 , avg fscore=0.783332
2025-03-19 14:35:47,886 - >>>> Epoch:401  , Dice score=0.917483 , avg fscore=0.914284
2025-03-19 14:38:35,662 - >>>> Epoch:402  , Dice score=0.908902 , avg fscore=0.815825
2025-03-19 14:41:21,371 - >>>> Epoch:403  , Dice score=0.859434 , avg fscore=0.857482
2025-03-19 14:44:07,161 - >>>> Epoch:404  , Dice score=0.917367 , avg fscore=0.886903
2025-03-19 14:46:53,003 - >>>> Epoch:405  , Dice score=0.896172 , avg fscore=0.829506
2025-03-19 14:49:40,328 - >>>> Epoch:406  , Dice score=0.925283 , avg fscore=0.911223
2025-03-19 14:52:26,660 - >>>> Epoch:407  , Dice score=0.919287 , avg fscore=0.847618
2025-03-19 14:55:16,073 - >>>> Epoch:408  , Dice score=0.919377 , avg fscore=0.857142
2025-03-19 14:58:07,867 - >>>> Epoch:409  , Dice score=0.925626 , avg fscore=0.900279
2025-03-19 15:01:29,556 - >>>> Epoch:410  , Dice score=0.898091 , avg fscore=0.876189
2025-03-19 15:04:19,079 - >>>> Epoch:411  , Dice score=0.912484 , avg fscore=0.899266
2025-03-19 15:07:09,066 - >>>> Epoch:412  , Dice score=0.914777 , avg fscore=0.894557
2025-03-19 15:09:54,412 - >>>> Epoch:413  , Dice score=0.820181 , avg fscore=0.661064
2025-03-19 15:12:40,207 - >>>> Epoch:414  , Dice score=0.829045 , avg fscore=0.696428
2025-03-19 15:15:25,909 - >>>> Epoch:415  , Dice score=0.911781 , avg fscore=0.827730
2025-03-19 15:18:14,483 - >>>> Epoch:416  , Dice score=0.922146 , avg fscore=0.894557
2025-03-19 15:21:03,522 - >>>> Epoch:417  , Dice score=0.915432 , avg fscore=0.928069
2025-03-19 15:23:49,260 - >>>> Epoch:418  , Dice score=0.932891 , avg fscore=0.918366
2025-03-19 15:26:35,730 - >>>> Epoch:419  , Dice score=0.891186 , avg fscore=0.799744
2025-03-19 15:29:56,053 - >>>> Epoch:420  , Dice score=0.912516 , avg fscore=0.857142
2025-03-19 15:32:41,209 - >>>> Epoch:421  , Dice score=0.927075 , avg fscore=0.951647
2025-03-19 15:35:26,795 - >>>> Epoch:422  , Dice score=0.906252 , avg fscore=0.923128
2025-03-19 15:38:12,264 - >>>> Epoch:423  , Dice score=0.914659 , avg fscore=0.923128
2025-03-19 15:40:59,986 - >>>> Epoch:424  , Dice score=0.911330 , avg fscore=0.898383
2025-03-19 15:43:48,397 - >>>> Epoch:425  , Dice score=0.931012 , avg fscore=0.957141
2025-03-19 15:43:55,804 - >>>> Save the model checkpoints to Pretrain+FinetuneS1Real140_ce1_focaltv_(0.4,0.6,delta2/3)_stylechange_lr0.0001
2025-03-19 15:46:44,363 - >>>> Epoch:426  , Dice score=0.922905 , avg fscore=0.957141
2025-03-19 15:49:32,834 - >>>> Epoch:427  , Dice score=0.856656 , avg fscore=0.775509
2025-03-19 15:52:22,398 - >>>> Epoch:428  , Dice score=0.738822 , avg fscore=0.656641
2025-03-19 15:55:09,003 - >>>> Epoch:429  , Dice score=0.911719 , avg fscore=0.821848
2025-03-19 15:58:29,910 - >>>> Epoch:430  , Dice score=0.821004 , avg fscore=0.761904
2025-03-19 16:01:15,995 - >>>> Epoch:431  , Dice score=0.763229 , avg fscore=0.693276
2025-03-19 16:04:01,371 - >>>> Epoch:432  , Dice score=0.888978 , avg fscore=0.801359
2025-03-19 16:06:45,149 - >>>> Epoch:433  , Dice score=0.465260 , avg fscore=0.190476
2025-03-19 16:09:31,763 - >>>> Epoch:434  , Dice score=0.839248 , avg fscore=0.812244
2025-03-19 16:12:18,742 - >>>> Epoch:435  , Dice score=0.877927 , avg fscore=0.858842
2025-03-19 16:15:04,924 - >>>> Epoch:436  , Dice score=0.879577 , avg fscore=0.827730
2025-03-19 16:17:54,689 - >>>> Epoch:437  , Dice score=0.834108 , avg fscore=0.768206

